<?xml version="1.0" encoding="UTF-8"?>
<testng-results ignored="0" total="0" passed="0" failed="0" skipped="0">
  <reporter-output>
  </reporter-output>
  <suite started-at="2022-12-07T10:10:33 IST" name="base.TestBase" finished-at="2022-12-07T10:10:33 IST" duration-ms="4">
    <groups>
    </groups>
    <test started-at="2022-12-07T10:10:33 IST" name="Command line test" finished-at="2022-12-07T10:10:33 IST" duration-ms="4">
    </test> <!-- Command line test -->
  </suite> <!-- base.TestBase -->
</testng-results>
